#
# There is insufficient memory for the Java Runtime Environment to continue.
# Native memory allocation (malloc) failed to allocate 32744 bytes for ChunkPool::allocate
# Possible reasons:
#   The system is out of physical RAM or swap space
#   The process is running with CompressedOops enabled, and the Java Heap may be blocking the growth of the native heap
# Possible solutions:
#   Reduce memory load on the system
#   Increase physical memory or swap space
#   Check if swap backing store is full
#   Decrease Java heap size (-Xmx/-Xms)
#   Decrease number of Java threads
#   Decrease Java thread stack sizes (-Xss)
#   Set larger code cache with -XX:ReservedCodeCacheSize=
#   JVM is running with Unscaled Compressed Oops mode in which the Java heap is
#     placed in the first 4GB address space. The Java Heap base address is the
#     maximum limit for the native heap growth. Please use -XX:HeapBaseMinAddress
#     to set the Java Heap base and to place the Java Heap above 4GB virtual address.
# This output file may be truncated or incomplete.
#
#  Out of Memory Error (arena.cpp:79), pid=10888, tid=3316
#
# JRE version: OpenJDK Runtime Environment JBR-17.0.10+1-1087.17-jcef (17.0.10+1) (build 17.0.10+1-b1087.17)
# Java VM: OpenJDK 64-Bit Server VM JBR-17.0.10+1-1087.17-jcef (17.0.10+1-b1087.17, mixed mode, tiered, compressed oops, compressed class ptrs, g1 gc, windows-amd64)
# No core dump will be written. Minidumps are not enabled by default on client versions of Windows
#

---------------  S U M M A R Y ------------

Command Line: git4idea.http.GitAskPassApp Password for 'https://niravpatel6656@github.com': 

Host: Intel(R) Core(TM) i5-7200U CPU @ 2.50GHz, 4 cores, 7G,  Windows 10 , 64 bit Build 19041 (10.0.19041.3636)
Time: Tue Mar 19 19:27:58 2024 Eastern Daylight Time elapsed time: 0.222957 seconds (0d 0h 0m 0s)

---------------  T H R E A D  ---------------

Current thread (0x000002013a469f20):  JavaThread "C2 CompilerThread0" daemon [_thread_in_native, id=3316, stack(0x000000276fc00000,0x000000276fd00000)]


Current CompileTask:
C2:    223   99       4       java.lang.String::hashCode (60 bytes)

Stack: [0x000000276fc00000,0x000000276fd00000]
Native frames: (J=compiled Java code, j=interpreted, Vv=VM code, C=native code)
V  [jvm.dll+0x688ac9]
V  [jvm.dll+0x84220a]
V  [jvm.dll+0x843e4e]
V  [jvm.dll+0x8444b3]
V  [jvm.dll+0x24ba8f]
V  [jvm.dll+0xac721]
V  [jvm.dll+0xacb6c]
V  [jvm.dll+0xac62b]
V  [jvm.dll+0x82aafc]
V  [jvm.dll+0x5e9d8]
V  [jvm.dll+0x614afb]
V  [jvm.dll+0x618c6c]
V  [jvm.dll+0x21d5c8]
V  [jvm.dll+0x21cb71]
V  [jvm.dll+0x1a603d]
V  [jvm.dll+0x22ca18]
V  [jvm.dll+0x22ab50]
V  [jvm.dll+0x7f6687]
V  [jvm.dll+0x7f0a8a]
V  [jvm.dll+0x687945]
C  [ucrtbase.dll+0x21bb2]
C  [KERNEL32.DLL+0x17344]
C  [ntdll.dll+0x526b1]


---------------  P R O C E S S  ---------------

Threads class SMR info:
_java_thread_list=0x000002013a7d9b30, length=13, elements={
0x0000020120a4f710, 0x000002013a214620, 0x000002013a215520, 0x000002013a450360,
0x000002013a474990, 0x000002013a475350, 0x000002013a4681e0, 0x000002013a469f20,
0x000002013a46a830, 0x000002013a46e970, 0x000002013a6028c0, 0x000002013a617a70,
0x000002013a6a5a90
}

Java Threads: ( => current thread )
  0x0000020120a4f710 JavaThread "main" [_thread_in_vm, id=2736, stack(0x000000276ef00000,0x000000276f000000)]
  0x000002013a214620 JavaThread "Reference Handler" daemon [_thread_blocked, id=8580, stack(0x000000276f600000,0x000000276f700000)]
  0x000002013a215520 JavaThread "Finalizer" daemon [_thread_blocked, id=9288, stack(0x000000276f700000,0x000000276f800000)]
  0x000002013a450360 JavaThread "Signal Dispatcher" daemon [_thread_blocked, id=4884, stack(0x000000276f800000,0x000000276f900000)]
  0x000002013a474990 JavaThread "Attach Listener" daemon [_thread_blocked, id=14596, stack(0x000000276f900000,0x000000276fa00000)]
  0x000002013a475350 JavaThread "Service Thread" daemon [_thread_blocked, id=11040, stack(0x000000276fa00000,0x000000276fb00000)]
  0x000002013a4681e0 JavaThread "Monitor Deflation Thread" daemon [_thread_blocked, id=1120, stack(0x000000276fb00000,0x000000276fc00000)]
=>0x000002013a469f20 JavaThread "C2 CompilerThread0" daemon [_thread_in_native, id=3316, stack(0x000000276fc00000,0x000000276fd00000)]
  0x000002013a46a830 JavaThread "C1 CompilerThread0" daemon [_thread_blocked, id=14320, stack(0x000000276fd00000,0x000000276fe00000)]
  0x000002013a46e970 JavaThread "Sweeper thread" daemon [_thread_blocked, id=9120, stack(0x000000276fe00000,0x000000276ff00000)]
  0x000002013a6028c0 JavaThread "Notification Thread" daemon [_thread_blocked, id=11456, stack(0x000000276ff00000,0x0000002770000000)]
  0x000002013a617a70 JavaThread "Common-Cleaner" daemon [_thread_blocked, id=9620, stack(0x0000002770100000,0x0000002770200000)]
  0x000002013a6a5a90 JavaThread "C2 CompilerThread1" daemon [_thread_blocked, id=8492, stack(0x0000002770200000,0x0000002770300000)]

Other Threads:
  0x000002013a1f12d0 VMThread "VM Thread" [stack: 0x000000276f500000,0x000000276f600000] [id=7820]
  0x000002013a602da0 WatcherThread [stack: 0x0000002770000000,0x0000002770100000] [id=13676]
  0x0000020120aa8070 GCTaskThread "GC Thread#0" [stack: 0x000000276f000000,0x000000276f100000] [id=4148]
  0x0000020120ab8c00 ConcurrentGCThread "G1 Main Marker" [stack: 0x000000276f100000,0x000000276f200000] [id=11052]
  0x0000020120ab9dc0 ConcurrentGCThread "G1 Conc#0" [stack: 0x000000276f200000,0x000000276f300000] [id=14988]
  0x0000020120b0def0 ConcurrentGCThread "G1 Refine#0" [stack: 0x000000276f300000,0x000000276f400000] [id=1476]
  0x0000020120b0e820 ConcurrentGCThread "G1 Service" [stack: 0x000000276f400000,0x000000276f500000] [id=3164]

Threads with active compile tasks:
C2 CompilerThread0      320   99       4       java.lang.String::hashCode (60 bytes)

VM state: not at safepoint (normal execution)

VM Mutex/Monitor currently owned by a thread: None

Heap address: 0x0000000081e00000, size: 2018 MB, Compressed Oops mode: 32-bit

CDS archive(s) not mapped
Compressed class space mapped at: 0x0000000100000000-0x0000000140000000, reserved size: 1073741824
Narrow klass base: 0x0000000000000000, Narrow klass shift: 3, Narrow klass range: 0x140000000

GC Precious Log:
 CPUs: 4 total, 4 available
 Memory: 8066M
 Large Page Support: Disabled
 NUMA Support: Disabled
 Compressed Oops: Enabled (32-bit)
 Heap Region Size: 1M
 Heap Min Capacity: 8M
 Heap Initial Capacity: 128M
 Heap Max Capacity: 2018M
 Pre-touch: Disabled
 Parallel Workers: 4
 Concurrent Workers: 1
 Concurrent Refinement Workers: 4
 Periodic GC: Disabled

Heap:
 garbage-first heap   total 131072K, used 2048K [0x0000000081e00000, 0x0000000100000000)
  region size 1024K, 3 young (3072K), 0 survivors (0K)
 Metaspace       used 7682K, committed 7872K, reserved 1114112K
  class space    used 688K, committed 768K, reserved 1048576K

Heap Regions: E=young(eden), S=young(survivor), O=old, HS=humongous(starts), HC=humongous(continues), CS=collection set, F=free, OA=open archive, CA=closed archive, TAMS=top-at-mark-start (previous, next)
|   0|0x0000000081e00000, 0x0000000081e00000, 0x0000000081f00000|  0%| F|  |TAMS 0x0000000081e00000, 0x0000000081e00000| Untracked 
|   1|0x0000000081f00000, 0x0000000081f00000, 0x0000000082000000|  0%| F|  |TAMS 0x0000000081f00000, 0x0000000081f00000| Untracked 
|   2|0x0000000082000000, 0x0000000082000000, 0x0000000082100000|  0%| F|  |TAMS 0x0000000082000000, 0x0000000082000000| Untracked 
|   3|0x0000000082100000, 0x0000000082100000, 0x0000000082200000|  0%| F|  |TAMS 0x0000000082100000, 0x0000000082100000| Untracked 
|   4|0x0000000082200000, 0x0000000082200000, 0x0000000082300000|  0%| F|  |TAMS 0x0000000082200000, 0x0000000082200000| Untracked 
|   5|0x0000000082300000, 0x0000000082300000, 0x0000000082400000|  0%| F|  |TAMS 0x0000000082300000, 0x0000000082300000| Untracked 
|   6|0x0000000082400000, 0x0000000082400000, 0x0000000082500000|  0%| F|  |TAMS 0x0000000082400000, 0x0000000082400000| Untracked 
|   7|0x0000000082500000, 0x0000000082500000, 0x0000000082600000|  0%| F|  |TAMS 0x0000000082500000, 0x0000000082500000| Untracked 
|   8|0x0000000082600000, 0x0000000082600000, 0x0000000082700000|  0%| F|  |TAMS 0x0000000082600000, 0x0000000082600000| Untracked 
|   9|0x0000000082700000, 0x0000000082700000, 0x0000000082800000|  0%| F|  |TAMS 0x0000000082700000, 0x0000000082700000| Untracked 
|  10|0x0000000082800000, 0x0000000082800000, 0x0000000082900000|  0%| F|  |TAMS 0x0000000082800000, 0x0000000082800000| Untracked 
|  11|0x0000000082900000, 0x0000000082900000, 0x0000000082a00000|  0%| F|  |TAMS 0x0000000082900000, 0x0000000082900000| Untracked 
|  12|0x0000000082a00000, 0x0000000082a00000, 0x0000000082b00000|  0%| F|  |TAMS 0x0000000082a00000, 0x0000000082a00000| Untracked 
|  13|0x0000000082b00000, 0x0000000082b00000, 0x0000000082c00000|  0%| F|  |TAMS 0x0000000082b00000, 0x0000000082b00000| Untracked 
|  14|0x0000000082c00000, 0x0000000082c00000, 0x0000000082d00000|  0%| F|  |TAMS 0x0000000082c00000, 0x0000000082c00000| Untracked 
|  15|0x0000000082d00000, 0x0000000082d00000, 0x0000000082e00000|  0%| F|  |TAMS 0x0000000082d00000, 0x0000000082d00000| Untracked 
|  16|0x0000000082e00000, 0x0000000082e00000, 0x0000000082f00000|  0%| F|  |TAMS 0x0000000082e00000, 0x0000000082e00000| Untracked 
|  17|0x0000000082f00000, 0x0000000082f00000, 0x0000000083000000|  0%| F|  |TAMS 0x0000000082f00000, 0x0000000082f00000| Untracked 
|  18|0x0000000083000000, 0x0000000083000000, 0x0000000083100000|  0%| F|  |TAMS 0x0000000083000000, 0x0000000083000000| Untracked 
|  19|0x0000000083100000, 0x0000000083100000, 0x0000000083200000|  0%| F|  |TAMS 0x0000000083100000, 0x0000000083100000| Untracked 
|  20|0x0000000083200000, 0x0000000083200000, 0x0000000083300000|  0%| F|  |TAMS 0x0000000083200000, 0x0000000083200000| Untracked 
|  21|0x0000000083300000, 0x0000000083300000, 0x0000000083400000|  0%| F|  |TAMS 0x0000000083300000, 0x0000000083300000| Untracked 
|  22|0x0000000083400000, 0x0000000083400000, 0x0000000083500000|  0%| F|  |TAMS 0x0000000083400000, 0x0000000083400000| Untracked 
|  23|0x0000000083500000, 0x0000000083500000, 0x0000000083600000|  0%| F|  |TAMS 0x0000000083500000, 0x0000000083500000| Untracked 
|  24|0x0000000083600000, 0x0000000083600000, 0x0000000083700000|  0%| F|  |TAMS 0x0000000083600000, 0x0000000083600000| Untracked 
|  25|0x0000000083700000, 0x0000000083700000, 0x0000000083800000|  0%| F|  |TAMS 0x0000000083700000, 0x0000000083700000| Untracked 
|  26|0x0000000083800000, 0x0000000083800000, 0x0000000083900000|  0%| F|  |TAMS 0x0000000083800000, 0x0000000083800000| Untracked 
|  27|0x0000000083900000, 0x0000000083900000, 0x0000000083a00000|  0%| F|  |TAMS 0x0000000083900000, 0x0000000083900000| Untracked 
|  28|0x0000000083a00000, 0x0000000083a00000, 0x0000000083b00000|  0%| F|  |TAMS 0x0000000083a00000, 0x0000000083a00000| Untracked 
|  29|0x0000000083b00000, 0x0000000083b00000, 0x0000000083c00000|  0%| F|  |TAMS 0x0000000083b00000, 0x0000000083b00000| Untracked 
|  30|0x0000000083c00000, 0x0000000083c00000, 0x0000000083d00000|  0%| F|  |TAMS 0x0000000083c00000, 0x0000000083c00000| Untracked 
|  31|0x0000000083d00000, 0x0000000083d00000, 0x0000000083e00000|  0%| F|  |TAMS 0x0000000083d00000, 0x0000000083d00000| Untracked 
|  32|0x0000000083e00000, 0x0000000083e00000, 0x0000000083f00000|  0%| F|  |TAMS 0x0000000083e00000, 0x0000000083e00000| Untracked 
|  33|0x0000000083f00000, 0x0000000083f00000, 0x0000000084000000|  0%| F|  |TAMS 0x0000000083f00000, 0x0000000083f00000| Untracked 
|  34|0x0000000084000000, 0x0000000084000000, 0x0000000084100000|  0%| F|  |TAMS 0x0000000084000000, 0x0000000084000000| Untracked 
|  35|0x0000000084100000, 0x0000000084100000, 0x0000000084200000|  0%| F|  |TAMS 0x0000000084100000, 0x0000000084100000| Untracked 
|  36|0x0000000084200000, 0x0000000084200000, 0x0000000084300000|  0%| F|  |TAMS 0x0000000084200000, 0x0000000084200000| Untracked 
|  37|0x0000000084300000, 0x0000000084300000, 0x0000000084400000|  0%| F|  |TAMS 0x0000000084300000, 0x0000000084300000| Untracked 
|  38|0x0000000084400000, 0x0000000084400000, 0x0000000084500000|  0%| F|  |TAMS 0x0000000084400000, 0x0000000084400000| Untracked 
|  39|0x0000000084500000, 0x0000000084500000, 0x0000000084600000|  0%| F|  |TAMS 0x0000000084500000, 0x0000000084500000| Untracked 
|  40|0x0000000084600000, 0x0000000084600000, 0x0000000084700000|  0%| F|  |TAMS 0x0000000084600000, 0x0000000084600000| Untracked 
|  41|0x0000000084700000, 0x0000000084700000, 0x0000000084800000|  0%| F|  |TAMS 0x0000000084700000, 0x0000000084700000| Untracked 
|  42|0x0000000084800000, 0x0000000084800000, 0x0000000084900000|  0%| F|  |TAMS 0x0000000084800000, 0x0000000084800000| Untracked 
|  43|0x0000000084900000, 0x0000000084900000, 0x0000000084a00000|  0%| F|  |TAMS 0x0000000084900000, 0x0000000084900000| Untracked 
|  44|0x0000000084a00000, 0x0000000084a00000, 0x0000000084b00000|  0%| F|  |TAMS 0x0000000084a00000, 0x0000000084a00000| Untracked 
|  45|0x0000000084b00000, 0x0000000084b00000, 0x0000000084c00000|  0%| F|  |TAMS 0x0000000084b00000, 0x0000000084b00000| Untracked 
|  46|0x0000000084c00000, 0x0000000084c00000, 0x0000000084d00000|  0%| F|  |TAMS 0x0000000084c00000, 0x0000000084c00000| Untracked 
|  47|0x0000000084d00000, 0x0000000084d00000, 0x0000000084e00000|  0%| F|  |TAMS 0x0000000084d00000, 0x0000000084d00000| Untracked 
|  48|0x0000000084e00000, 0x0000000084e00000, 0x0000000084f00000|  0%| F|  |TAMS 0x0000000084e00000, 0x0000000084e00000| Untracked 
|  49|0x0000000084f00000, 0x0000000084f00000, 0x0000000085000000|  0%| F|  |TAMS 0x0000000084f00000, 0x0000000084f00000| Untracked 
|  50|0x0000000085000000, 0x0000000085000000, 0x0000000085100000|  0%| F|  |TAMS 0x0000000085000000, 0x0000000085000000| Untracked 
|  51|0x0000000085100000, 0x0000000085100000, 0x0000000085200000|  0%| F|  |TAMS 0x0000000085100000, 0x0000000085100000| Untracked 
|  52|0x0000000085200000, 0x0000000085200000, 0x0000000085300000|  0%| F|  |TAMS 0x0000000085200000, 0x0000000085200000| Untracked 
|  53|0x0000000085300000, 0x0000000085300000, 0x0000000085400000|  0%| F|  |TAMS 0x0000000085300000, 0x0000000085300000| Untracked 
|  54|0x0000000085400000, 0x0000000085400000, 0x0000000085500000|  0%| F|  |TAMS 0x0000000085400000, 0x0000000085400000| Untracked 
|  55|0x0000000085500000, 0x0000000085500000, 0x0000000085600000|  0%| F|  |TAMS 0x0000000085500000, 0x0000000085500000| Untracked 
|  56|0x0000000085600000, 0x0000000085600000, 0x0000000085700000|  0%| F|  |TAMS 0x0000000085600000, 0x0000000085600000| Untracked 
|  57|0x0000000085700000, 0x0000000085700000, 0x0000000085800000|  0%| F|  |TAMS 0x0000000085700000, 0x0000000085700000| Untracked 
|  58|0x0000000085800000, 0x0000000085800000, 0x0000000085900000|  0%| F|  |TAMS 0x0000000085800000, 0x0000000085800000| Untracked 
|  59|0x0000000085900000, 0x0000000085900000, 0x0000000085a00000|  0%| F|  |TAMS 0x0000000085900000, 0x0000000085900000| Untracked 
|  60|0x0000000085a00000, 0x0000000085a00000, 0x0000000085b00000|  0%| F|  |TAMS 0x0000000085a00000, 0x0000000085a00000| Untracked 
|  61|0x0000000085b00000, 0x0000000085b00000, 0x0000000085c00000|  0%| F|  |TAMS 0x0000000085b00000, 0x0000000085b00000| Untracked 
|  62|0x0000000085c00000, 0x0000000085c00000, 0x0000000085d00000|  0%| F|  |TAMS 0x0000000085c00000, 0x0000000085c00000| Untracked 
|  63|0x0000000085d00000, 0x0000000085d00000, 0x0000000085e00000|  0%| F|  |TAMS 0x0000000085d00000, 0x0000000085d00000| Untracked 
|  64|0x0000000085e00000, 0x0000000085e00000, 0x0000000085f00000|  0%| F|  |TAMS 0x0000000085e00000, 0x0000000085e00000| Untracked 
|  65|0x0000000085f00000, 0x0000000085f00000, 0x0000000086000000|  0%| F|  |TAMS 0x0000000085f00000, 0x0000000085f00000| Untracked 
|  66|0x0000000086000000, 0x0000000086000000, 0x0000000086100000|  0%| F|  |TAMS 0x0000000086000000, 0x0000000086000000| Untracked 
|  67|0x0000000086100000, 0x0000000086100000, 0x0000000086200000|  0%| F|  |TAMS 0x0000000086100000, 0x0000000086100000| Untracked 
|  68|0x0000000086200000, 0x0000000086200000, 0x0000000086300000|  0%| F|  |TAMS 0x0000000086200000, 0x0000000086200000| Untracked 
|  69|0x0000000086300000, 0x0000000086300000, 0x0000000086400000|  0%| F|  |TAMS 0x0000000086300000, 0x0000000086300000| Untracked 
|  70|0x0000000086400000, 0x0000000086400000, 0x0000000086500000|  0%| F|  |TAMS 0x0000000086400000, 0x0000000086400000| Untracked 
|  71|0x0000000086500000, 0x0000000086500000, 0x0000000086600000|  0%| F|  |TAMS 0x0000000086500000, 0x0000000086500000| Untracked 
|  72|0x0000000086600000, 0x0000000086600000, 0x0000000086700000|  0%| F|  |TAMS 0x0000000086600000, 0x0000000086600000| Untracked 
|  73|0x0000000086700000, 0x0000000086700000, 0x0000000086800000|  0%| F|  |TAMS 0x0000000086700000, 0x0000000086700000| Untracked 
|  74|0x0000000086800000, 0x0000000086800000, 0x0000000086900000|  0%| F|  |TAMS 0x0000000086800000, 0x0000000086800000| Untracked 
|  75|0x0000000086900000, 0x0000000086900000, 0x0000000086a00000|  0%| F|  |TAMS 0x0000000086900000, 0x0000000086900000| Untracked 
|  76|0x0000000086a00000, 0x0000000086a00000, 0x0000000086b00000|  0%| F|  |TAMS 0x0000000086a00000, 0x0000000086a00000| Untracked 
|  77|0x0000000086b00000, 0x0000000086b00000, 0x0000000086c00000|  0%| F|  |TAMS 0x0000000086b00000, 0x0000000086b00000| Untracked 
|  78|0x0000000086c00000, 0x0000000086c00000, 0x0000000086d00000|  0%| F|  |TAMS 0x0000000086c00000, 0x0000000086c00000| Untracked 
|  79|0x0000000086d00000, 0x0000000086d00000, 0x0000000086e00000|  0%| F|  |TAMS 0x0000000086d00000, 0x0000000086d00000| Untracked 
|  80|0x0000000086e00000, 0x0000000086e00000, 0x0000000086f00000|  0%| F|  |TAMS 0x0000000086e00000, 0x0000000086e00000| Untracked 
|  81|0x0000000086f00000, 0x0000000086f00000, 0x0000000087000000|  0%| F|  |TAMS 0x0000000086f00000, 0x0000000086f00000| Untracked 
|  82|0x0000000087000000, 0x0000000087000000, 0x0000000087100000|  0%| F|  |TAMS 0x0000000087000000, 0x0000000087000000| Untracked 
|  83|0x0000000087100000, 0x0000000087100000, 0x0000000087200000|  0%| F|  |TAMS 0x0000000087100000, 0x0000000087100000| Untracked 
|  84|0x0000000087200000, 0x0000000087200000, 0x0000000087300000|  0%| F|  |TAMS 0x0000000087200000, 0x0000000087200000| Untracked 
|  85|0x0000000087300000, 0x0000000087300000, 0x0000000087400000|  0%| F|  |TAMS 0x0000000087300000, 0x0000000087300000| Untracked 
|  86|0x0000000087400000, 0x0000000087400000, 0x0000000087500000|  0%| F|  |TAMS 0x0000000087400000, 0x0000000087400000| Untracked 
|  87|0x0000000087500000, 0x0000000087500000, 0x0000000087600000|  0%| F|  |TAMS 0x0000000087500000, 0x0000000087500000| Untracked 
|  88|0x0000000087600000, 0x0000000087600000, 0x0000000087700000|  0%| F|  |TAMS 0x0000000087600000, 0x0000000087600000| Untracked 
|  89|0x0000000087700000, 0x0000000087700000, 0x0000000087800000|  0%| F|  |TAMS 0x0000000087700000, 0x0000000087700000| Untracked 
|  90|0x0000000087800000, 0x0000000087800000, 0x0000000087900000|  0%| F|  |TAMS 0x0000000087800000, 0x0000000087800000| Untracked 
|  91|0x0000000087900000, 0x0000000087900000, 0x0000000087a00000|  0%| F|  |TAMS 0x0000000087900000, 0x0000000087900000| Untracked 
|  92|0x0000000087a00000, 0x0000000087a00000, 0x0000000087b00000|  0%| F|  |TAMS 0x0000000087a00000, 0x0000000087a00000| Untracked 
|  93|0x0000000087b00000, 0x0000000087b00000, 0x0000000087c00000|  0%| F|  |TAMS 0x0000000087b00000, 0x0000000087b00000| Untracked 
|  94|0x0000000087c00000, 0x0000000087c00000, 0x0000000087d00000|  0%| F|  |TAMS 0x0000000087c00000, 0x0000000087c00000| Untracked 
|  95|0x0000000087d00000, 0x0000000087d00000, 0x0000000087e00000|  0%| F|  |TAMS 0x0000000087d00000, 0x0000000087d00000| Untracked 
|  96|0x0000000087e00000, 0x0000000087e00000, 0x0000000087f00000|  0%| F|  |TAMS 0x0000000087e00000, 0x0000000087e00000| Untracked 
|  97|0x0000000087f00000, 0x0000000087f00000, 0x0000000088000000|  0%| F|  |TAMS 0x0000000087f00000, 0x0000000087f00000| Untracked 
|  98|0x0000000088000000, 0x0000000088000000, 0x0000000088100000|  0%| F|  |TAMS 0x0000000088000000, 0x0000000088000000| Untracked 
|  99|0x0000000088100000, 0x0000000088100000, 0x0000000088200000|  0%| F|  |TAMS 0x0000000088100000, 0x0000000088100000| Untracked 
| 100|0x0000000088200000, 0x0000000088200000, 0x0000000088300000|  0%| F|  |TAMS 0x0000000088200000, 0x0000000088200000| Untracked 
| 101|0x0000000088300000, 0x0000000088300000, 0x0000000088400000|  0%| F|  |TAMS 0x0000000088300000, 0x0000000088300000| Untracked 
| 102|0x0000000088400000, 0x0000000088400000, 0x0000000088500000|  0%| F|  |TAMS 0x0000000088400000, 0x0000000088400000| Untracked 
| 103|0x0000000088500000, 0x0000000088500000, 0x0000000088600000|  0%| F|  |TAMS 0x0000000088500000, 0x0000000088500000| Untracked 
| 104|0x0000000088600000, 0x0000000088600000, 0x0000000088700000|  0%| F|  |TAMS 0x0000000088600000, 0x0000000088600000| Untracked 
| 105|0x0000000088700000, 0x0000000088700000, 0x0000000088800000|  0%| F|  |TAMS 0x0000000088700000, 0x0000000088700000| Untracked 
| 106|0x0000000088800000, 0x0000000088800000, 0x0000000088900000|  0%| F|  |TAMS 0x0000000088800000, 0x0000000088800000| Untracked 
| 107|0x0000000088900000, 0x0000000088900000, 0x0000000088a00000|  0%| F|  |TAMS 0x0000000088900000, 0x0000000088900000| Untracked 
| 108|0x0000000088a00000, 0x0000000088a00000, 0x0000000088b00000|  0%| F|  |TAMS 0x0000000088a00000, 0x0000000088a00000| Untracked 
| 109|0x0000000088b00000, 0x0000000088b00000, 0x0000000088c00000|  0%| F|  |TAMS 0x0000000088b00000, 0x0000000088b00000| Untracked 
| 110|0x0000000088c00000, 0x0000000088c00000, 0x0000000088d00000|  0%| F|  |TAMS 0x0000000088c00000, 0x0000000088c00000| Untracked 
| 111|0x0000000088d00000, 0x0000000088d00000, 0x0000000088e00000|  0%| F|  |TAMS 0x0000000088d00000, 0x0000000088d00000| Untracked 
| 112|0x0000000088e00000, 0x0000000088e00000, 0x0000000088f00000|  0%| F|  |TAMS 0x0000000088e00000, 0x0000000088e00000| Untracked 
| 113|0x0000000088f00000, 0x0000000088f00000, 0x0000000089000000|  0%| F|  |TAMS 0x0000000088f00000, 0x0000000088f00000| Untracked 
| 114|0x0000000089000000, 0x0000000089000000, 0x0000000089100000|  0%| F|  |TAMS 0x0000000089000000, 0x0000000089000000| Untracked 
| 115|0x0000000089100000, 0x0000000089100000, 0x0000000089200000|  0%| F|  |TAMS 0x0000000089100000, 0x0000000089100000| Untracked 
| 116|0x0000000089200000, 0x0000000089200000, 0x0000000089300000|  0%| F|  |TAMS 0x0000000089200000, 0x0000000089200000| Untracked 
| 117|0x0000000089300000, 0x0000000089300000, 0x0000000089400000|  0%| F|  |TAMS 0x0000000089300000, 0x0000000089300000| Untracked 
| 118|0x0000000089400000, 0x0000000089400000, 0x0000000089500000|  0%| F|  |TAMS 0x0000000089400000, 0x0000000089400000| Untracked 
| 119|0x0000000089500000, 0x0000000089500000, 0x0000000089600000|  0%| F|  |TAMS 0x0000000089500000, 0x0000000089500000| Untracked 
| 120|0x0000000089600000, 0x0000000089600000, 0x0000000089700000|  0%| F|  |TAMS 0x0000000089600000, 0x0000000089600000| Untracked 
| 121|0x0000000089700000, 0x0000000089700000, 0x0000000089800000|  0%| F|  |TAMS 0x0000000089700000, 0x0000000089700000| Untracked 
| 122|0x0000000089800000, 0x0000000089800000, 0x0000000089900000|  0%| F|  |TAMS 0x0000000089800000, 0x0000000089800000| Untracked 
| 123|0x0000000089900000, 0x0000000089900000, 0x0000000089a00000|  0%| F|  |TAMS 0x0000000089900000, 0x0000000089900000| Untracked 
| 124|0x0000000089a00000, 0x0000000089a00000, 0x0000000089b00000|  0%| F|  |TAMS 0x0000000089a00000, 0x0000000089a00000| Untracked 
| 125|0x0000000089b00000, 0x0000000089bc84c8, 0x0000000089c00000| 78%| E|  |TAMS 0x0000000089b00000, 0x0000000089b00000| Complete 
| 126|0x0000000089c00000, 0x0000000089d00000, 0x0000000089d00000|100%| E|CS|TAMS 0x0000000089c00000, 0x0000000089c00000| Complete 
| 127|0x0000000089d00000, 0x0000000089e00000, 0x0000000089e00000|100%| E|CS|TAMS 0x0000000089d00000, 0x0000000089d00000| Complete 

Card table byte_map: [0x00000201335d0000,0x00000201339d0000] _byte_map_base: 0x00000201331c1000

Marking Bits (Prev, Next): (CMBitMap*) 0x0000020120aa8690, (CMBitMap*) 0x0000020120aa86d0
 Prev Bits: [0x0000020133dd0000, 0x0000020135d58000)
 Next Bits: [0x0000020135d60000, 0x0000020137ce8000)

Polling page: 0x000002011ea00000

Metaspace:

Usage:
  Non-class:      7.05 MB used.
      Class:    700.58 KB used.
       Both:      7.73 MB used.

Virtual space:
  Non-class space:       64.00 MB reserved,       7.12 MB ( 11%) committed,  1 nodes.
      Class space:        1.00 GB reserved,     768.00 KB ( <1%) committed,  1 nodes.
             Both:        1.06 GB reserved,       7.88 MB ( <1%) committed. 

Chunk freelists:
   Non-Class:  8.92 MB
       Class:  15.23 MB
        Both:  24.15 MB

MaxMetaspaceSize: unlimited
CompressedClassSpaceSize: 1.00 GB
Initial GC threshold: 21.00 MB
Current GC threshold: 21.00 MB
CDS: off
MetaspaceReclaimPolicy: balanced
 - commit_granule_bytes: 65536.
 - commit_granule_words: 8192.
 - virtual_space_node_default_size: 8388608.
 - enlarge_chunks_in_place: 1.
 - new_chunks_are_fully_committed: 0.
 - uncommit_free_chunks: 1.
 - use_allocation_guard: 0.
 - handle_deallocations: 1.


Internal statistics:

num_allocs_failed_limit: 0.
num_arena_births: 8.
num_arena_deaths: 0.
num_vsnodes_births: 2.
num_vsnodes_deaths: 0.
num_space_committed: 126.
num_space_uncommitted: 0.
num_chunks_returned_to_freelist: 0.
num_chunks_taken_from_freelist: 34.
num_chunk_merges: 0.
num_chunk_splits: 17.
num_chunks_enlarged: 9.
num_inconsistent_stats: 0.

CodeHeap 'non-profiled nmethods': size=120000Kb used=60Kb max_used=60Kb free=119939Kb
 bounds [0x000002012bca0000, 0x000002012bf10000, 0x00000201331d0000]
CodeHeap 'profiled nmethods': size=120000Kb used=294Kb max_used=294Kb free=119705Kb
 bounds [0x00000201241d0000, 0x0000020124440000, 0x000002012b700000]
CodeHeap 'non-nmethods': size=5760Kb used=1122Kb max_used=1129Kb free=4637Kb
 bounds [0x000002012b700000, 0x000002012b970000, 0x000002012bca0000]
 total_blobs=627 nmethods=222 adapters=318
 compilation: enabled
              stopped_count=0, restarted_count=0
 full_count=0

Compilation events (20 events):
Event: 0.172 Thread 0x000002013a46a830   91       3       java.lang.Enum::<init> (15 bytes)
Event: 0.172 Thread 0x000002013a46a830 nmethod 91 0x00000201241ef190 code [0x00000201241ef320, 0x00000201241ef4d8]
Event: 0.174 Thread 0x000002013a46a830   92       3       java.lang.CharacterDataLatin1::toUpperCaseEx (71 bytes)
Event: 0.174 Thread 0x000002013a46a830 nmethod 92 0x00000201241ef590 code [0x00000201241ef740, 0x00000201241ef9f8]
Event: 0.175 Thread 0x000002013a46a830   93       3       jdk.internal.misc.Unsafe::putReferenceRelease (9 bytes)
Event: 0.175 Thread 0x000002013a46a830 nmethod 93 0x00000201241efb10 code [0x00000201241efca0, 0x00000201241efdf8]
Event: 0.175 Thread 0x000002013a46a830   95       3       java.util.concurrent.ConcurrentHashMap::setTabAt (20 bytes)
Event: 0.175 Thread 0x000002013a46a830 nmethod 95 0x00000201241efe90 code [0x00000201241f0040, 0x00000201241f01c8]
Event: 0.175 Thread 0x000002013a46a830   96       3       java.util.concurrent.ConcurrentHashMap::put (8 bytes)
Event: 0.175 Thread 0x000002013a46a830 nmethod 96 0x00000201241f0290 code [0x00000201241f0420, 0x00000201241f0568]
Event: 0.175 Thread 0x000002013a46a830   97       1       sun.util.locale.BaseLocale::getLanguage (5 bytes)
Event: 0.175 Thread 0x000002013a46a830 nmethod 97 0x000002012bca3f90 code [0x000002012bca4120, 0x000002012bca41f8]
Event: 0.176 Thread 0x000002013a46a830   98       1       sun.security.util.KnownOIDs::registerNames (2 bytes)
Event: 0.176 Thread 0x000002013a46a830 nmethod 98 0x000002012bca4290 code [0x000002012bca4420, 0x000002012bca44f8]
Event: 0.176 Thread 0x000002013a469f20   99       4       java.lang.String::hashCode (60 bytes)
Event: 0.176 Thread 0x000002013a46a830  100       3       java.lang.StringLatin1::toUpperCase (186 bytes)
Event: 0.177 Thread 0x000002013a46a830 nmethod 100 0x00000201241f0610 code [0x00000201241f0880, 0x00000201241f1398]
Event: 0.177 Thread 0x000002013a46a830  103       3       java.lang.String::toUpperCase (29 bytes)
Event: 0.177 Thread 0x000002013a46a830 nmethod 103 0x00000201241f1790 code [0x00000201241f1960, 0x00000201241f1c18]
Event: 0.177 Thread 0x000002013a46a830  105       3       sun.security.util.KnownOIDs::register (349 bytes)

GC Heap History (0 events):
No events

Dll operation events (1 events):
Event: 0.010 Loaded shared library C:\Program Files\JetBrains\PyCharm Community Edition 2023.3.4\jbr\bin\java.dll

Deoptimization events (0 events):
No events

Classes unloaded (0 events):
No events

Classes redefined (0 events):
No events

Internal exceptions (0 events):
No events

VM Operations (4 events):
Event: 0.152 Executing VM operation: HandshakeAllThreads
Event: 0.152 Executing VM operation: HandshakeAllThreads done
Event: 0.169 Executing VM operation: HandshakeAllThreads
Event: 0.169 Executing VM operation: HandshakeAllThreads done

Events (20 events):
Event: 0.172 loading class sun/security/util/KnownOIDs$6
Event: 0.173 loading class sun/security/util/KnownOIDs$6 done
Event: 0.173 loading class sun/security/util/KnownOIDs$7
Event: 0.173 loading class sun/security/util/KnownOIDs$7 done
Event: 0.173 loading class sun/security/util/KnownOIDs$8
Event: 0.173 loading class sun/security/util/KnownOIDs$8 done
Event: 0.173 loading class sun/security/util/KnownOIDs$9
Event: 0.173 loading class sun/security/util/KnownOIDs$9 done
Event: 0.173 loading class sun/security/util/KnownOIDs$10
Event: 0.173 loading class sun/security/util/KnownOIDs$10 done
Event: 0.179 loading class java/util/LinkedHashMap$LinkedKeySet
Event: 0.179 loading class java/util/LinkedHashMap$LinkedKeySet done
Event: 0.179 loading class java/util/LinkedHashMap$LinkedKeyIterator
Event: 0.179 loading class java/util/LinkedHashMap$LinkedHashIterator
Event: 0.179 loading class java/util/LinkedHashMap$LinkedHashIterator done
Event: 0.179 loading class java/util/LinkedHashMap$LinkedKeyIterator done
Event: 0.179 loading class java/util/Collections$EmptyIterator
Event: 0.179 loading class java/util/Collections$EmptyIterator done
Event: 0.180 loading class java/util/ArrayList$Itr
Event: 0.180 loading class java/util/ArrayList$Itr done


Dynamic libraries:
0x00007ff738ae0000 - 0x00007ff738aea000 	C:\Program Files\JetBrains\PyCharm Community Edition 2023.3.4\jbr\bin\java.exe
0x00007ffe08b50000 - 0x00007ffe08d48000 	C:\WINDOWS\SYSTEM32\ntdll.dll
0x00007ffe080b0000 - 0x00007ffe0816d000 	C:\WINDOWS\System32\KERNEL32.DLL
0x00007ffe06330000 - 0x00007ffe06626000 	C:\WINDOWS\System32\KERNELBASE.dll
0x00007ffe06230000 - 0x00007ffe06330000 	C:\WINDOWS\System32\ucrtbase.dll
0x00007ffdfdc70000 - 0x00007ffdfdc87000 	C:\Program Files\JetBrains\PyCharm Community Edition 2023.3.4\jbr\bin\jli.dll
0x00007ffe084c0000 - 0x00007ffe0865e000 	C:\WINDOWS\System32\USER32.dll
0x00007ffe06200000 - 0x00007ffe06222000 	C:\WINDOWS\System32\win32u.dll
0x00007ffe087a0000 - 0x00007ffe087cb000 	C:\WINDOWS\System32\GDI32.dll
0x00007ffe06a60000 - 0x00007ffe06b77000 	C:\WINDOWS\System32\gdi32full.dll
0x00007ffe06630000 - 0x00007ffe066cd000 	C:\WINDOWS\System32\msvcp_win.dll
0x00007ffdfd360000 - 0x00007ffdfd37b000 	C:\Program Files\JetBrains\PyCharm Community Edition 2023.3.4\jbr\bin\VCRUNTIME140.dll
0x00007ffdf9c60000 - 0x00007ffdf9efa000 	C:\WINDOWS\WinSxS\amd64_microsoft.windows.common-controls_6595b64144ccf1df_6.0.19041.3636_none_60b6a03d71f818d5\COMCTL32.dll
0x00007ffe06b80000 - 0x00007ffe06c1e000 	C:\WINDOWS\System32\msvcrt.dll
0x00007ffe06c80000 - 0x00007ffe06cb2000 	C:\WINDOWS\System32\IMM32.DLL
0x00007ffdfe0b0000 - 0x00007ffdfe0bc000 	C:\Program Files\JetBrains\PyCharm Community Edition 2023.3.4\jbr\bin\vcruntime140_1.dll
0x00007ffde1490000 - 0x00007ffde151d000 	C:\Program Files\JetBrains\PyCharm Community Edition 2023.3.4\jbr\bin\msvcp140.dll
0x00007ffd8f1f0000 - 0x00007ffd8fe73000 	C:\Program Files\JetBrains\PyCharm Community Edition 2023.3.4\jbr\bin\server\jvm.dll
0x00007ffe08290000 - 0x00007ffe08340000 	C:\WINDOWS\System32\ADVAPI32.dll
0x00007ffe08180000 - 0x00007ffe08220000 	C:\WINDOWS\System32\sechost.dll
0x00007ffe07f80000 - 0x00007ffe080a5000 	C:\WINDOWS\System32\RPCRT4.dll
0x00007ffe06720000 - 0x00007ffe06747000 	C:\WINDOWS\System32\bcrypt.dll
0x00007ffe060d0000 - 0x00007ffe0611b000 	C:\WINDOWS\SYSTEM32\POWRPROF.dll
0x00007ffdff560000 - 0x00007ffdff569000 	C:\WINDOWS\SYSTEM32\WSOCK32.dll
0x00007ffe08220000 - 0x00007ffe0828b000 	C:\WINDOWS\System32\WS2_32.dll
0x00007ffdefe60000 - 0x00007ffdefe87000 	C:\WINDOWS\SYSTEM32\WINMM.dll
0x00007ffe00c00000 - 0x00007ffe00c0a000 	C:\WINDOWS\SYSTEM32\VERSION.dll
0x00007ffe06040000 - 0x00007ffe06052000 	C:\WINDOWS\SYSTEM32\UMPDC.dll
0x00007ffe040b0000 - 0x00007ffe040c2000 	C:\WINDOWS\SYSTEM32\kernel.appcore.dll
0x00007ffdfd510000 - 0x00007ffdfd51a000 	C:\Program Files\JetBrains\PyCharm Community Edition 2023.3.4\jbr\bin\jimage.dll
0x00007ffdfe420000 - 0x00007ffdfe604000 	C:\WINDOWS\SYSTEM32\DBGHELP.DLL
0x00007ffdfe180000 - 0x00007ffdfe1b4000 	C:\WINDOWS\SYSTEM32\dbgcore.DLL
0x00007ffe06920000 - 0x00007ffe069a2000 	C:\WINDOWS\System32\bcryptPrimitives.dll
0x00007ffde95b0000 - 0x00007ffde95d5000 	C:\Program Files\JetBrains\PyCharm Community Edition 2023.3.4\jbr\bin\java.dll
0x00007ffde9590000 - 0x00007ffde95a8000 	C:\Program Files\JetBrains\PyCharm Community Edition 2023.3.4\jbr\bin\zip.dll
0x00007ffe072b0000 - 0x00007ffe07a1b000 	C:\WINDOWS\System32\SHELL32.dll
0x00007ffe042b0000 - 0x00007ffe04a4e000 	C:\WINDOWS\SYSTEM32\windows.storage.dll
0x00007ffe06cc0000 - 0x00007ffe07013000 	C:\WINDOWS\System32\combase.dll
0x00007ffe05b60000 - 0x00007ffe05b8e000 	C:\WINDOWS\SYSTEM32\Wldp.dll
0x00007ffe083f0000 - 0x00007ffe084bd000 	C:\WINDOWS\System32\OLEAUT32.dll
0x00007ffe087d0000 - 0x00007ffe0887d000 	C:\WINDOWS\System32\SHCORE.dll
0x00007ffe06c20000 - 0x00007ffe06c75000 	C:\WINDOWS\System32\shlwapi.dll
0x00007ffe06130000 - 0x00007ffe06155000 	C:\WINDOWS\SYSTEM32\profapi.dll
0x00007ffde1e60000 - 0x00007ffde1e79000 	C:\Program Files\JetBrains\PyCharm Community Edition 2023.3.4\jbr\bin\net.dll
0x00007ffdfebc0000 - 0x00007ffdfecca000 	C:\WINDOWS\SYSTEM32\WINHTTP.dll
0x00007ffe058c0000 - 0x00007ffe0592a000 	C:\WINDOWS\system32\mswsock.dll
0x00007ffde1c50000 - 0x00007ffde1c66000 	C:\Program Files\JetBrains\PyCharm Community Edition 2023.3.4\jbr\bin\nio.dll
0x00007ffe000f0000 - 0x00007ffe000fe000 	C:\Program Files\JetBrains\PyCharm Community Edition 2023.3.4\jbr\bin\sunmscapi.dll
0x00007ffe06750000 - 0x00007ffe068ad000 	C:\WINDOWS\System32\CRYPT32.dll
0x00007ffe05bd0000 - 0x00007ffe05bf8000 	C:\WINDOWS\SYSTEM32\ncrypt.dll
0x00007ffe05b90000 - 0x00007ffe05bcb000 	C:\WINDOWS\SYSTEM32\NTASN1.dll

dbghelp: loaded successfully - version: 4.0.5 - missing functions: none
symbol engine: initialized successfully - sym options: 0x614 - pdb path: .;C:\Program Files\JetBrains\PyCharm Community Edition 2023.3.4\jbr\bin;C:\WINDOWS\SYSTEM32;C:\WINDOWS\WinSxS\amd64_microsoft.windows.common-controls_6595b64144ccf1df_6.0.19041.3636_none_60b6a03d71f818d5;C:\Program Files\JetBrains\PyCharm Community Edition 2023.3.4\jbr\bin\server

VM Arguments:
java_command: git4idea.http.GitAskPassApp Password for 'https://niravpatel6656@github.com': 
java_class_path (initial): C:/Program Files/JetBrains/PyCharm Community Edition 2023.3.4/plugins/vcs-git/lib/git4idea-rt.jar;C:/Program Files/JetBrains/PyCharm Community Edition 2023.3.4/lib/externalProcess-rt.jar
Launcher Type: SUN_STANDARD

[Global flags]
     intx CICompilerCount                          = 3                                         {product} {ergonomic}
     uint ConcGCThreads                            = 1                                         {product} {ergonomic}
     uint G1ConcRefinementThreads                  = 4                                         {product} {ergonomic}
   size_t G1HeapRegionSize                         = 1048576                                   {product} {ergonomic}
    uintx GCDrainStackTargetSize                   = 64                                        {product} {ergonomic}
   size_t InitialHeapSize                          = 134217728                                 {product} {ergonomic}
   size_t MarkStackSize                            = 4194304                                   {product} {ergonomic}
   size_t MaxHeapSize                              = 2116026368                                {product} {ergonomic}
   size_t MaxNewSize                               = 1268776960                                {product} {ergonomic}
   size_t MinHeapDeltaBytes                        = 1048576                                   {product} {ergonomic}
   size_t MinHeapSize                              = 8388608                                   {product} {ergonomic}
    uintx NonNMethodCodeHeapSize                   = 5832780                                {pd product} {ergonomic}
    uintx NonProfiledCodeHeapSize                  = 122912730                              {pd product} {ergonomic}
    uintx ProfiledCodeHeapSize                     = 122912730                              {pd product} {ergonomic}
    uintx ReservedCodeCacheSize                    = 251658240                              {pd product} {ergonomic}
     bool SegmentedCodeCache                       = true                                      {product} {ergonomic}
   size_t SoftMaxHeapSize                          = 2116026368                             {manageable} {ergonomic}
     bool UseCompressedClassPointers               = true                           {product lp64_product} {ergonomic}
     bool UseCompressedOops                        = true                           {product lp64_product} {ergonomic}
     bool UseG1GC                                  = true                                      {product} {ergonomic}
     bool UseLargePagesIndividualAllocation        = false                                  {pd product} {ergonomic}

Logging:
Log output configuration:
 #0: stdout all=warning uptime,level,tags
 #1: stderr all=off uptime,level,tags

Environment Variables:
JAVA_HOME=C:\Program Files\Java\jdk-11.0.6
PATH=C:\Program Files\Git\mingw64\libexec\git-core;C:\Program Files\Git\mingw64\libexec\git-core;C:\Program Files\Git\mingw64\bin;C:\Program Files\Git\usr\bin;C:\Users\ADMIN\bin;C:\Program Files\Common Files\Oracle\Java\javapath;C:\Program Files\Java\jdk-11.0.6\bin;C:\SAM\aws cli;C:\Program Files\Git\cmd;C:\Program Files\Git\usr\bin;C:\Program Files\nodejs\node_modules\npm\bin;C:\Users\ADMIN\AppData\Local\Programs\Python\Python39\Scripts;C:\Users\ADMIN\AppData\Local\Programs\Python\Python39;C:\Users\ADMIN\AppData\Local\Programs\Python\Python311\Scripts;C:\Users\ADMIN\AppData\Local\Programs\Python\Python311;C:\Users\ADMIN\AppData\Local\Microsoft\WindowsApps;C:\Program Files\JetBrains\PyCharm Community Edition 2020.3.4\bin;C:\Users\ADMIN\AppData\Local\Programs\Microsoft VS Code\bin;C:\Program Files\Azure Data Studio\bin;C:\Users\ADMIN\AppData\Local\Programs\oh-my-posh\bin;C:\Windows\System32
USERNAME=ADMIN
DISPLAY=:0.0
LC_ALL=en_US.UTF-8
TERM=xterm-256color
TMPDIR=C:\Users\ADMIN\AppData\Local\Temp
OS=Windows_NT
PROCESSOR_IDENTIFIER=Intel64 Family 6 Model 142 Stepping 9, GenuineIntel
TMP=C:\Users\ADMIN\AppData\Local\Temp
TEMP=C:\Users\ADMIN\AppData\Local\Temp



Periodic native trim disabled

JNI global refs:
JNI global refs: 7, weak refs: 0

JNI global refs memory usage: 843, weak refs: 209

OOME stack traces (most recent first):
Classloader memory used:
Loader bootstrap                                                                       : 1009K
Loader jdk.internal.loader.ClassLoaders$PlatformClassLoader                            : 16378B
Loader jdk.internal.loader.ClassLoaders$AppClassLoader                                 : 1808B


---------------  S Y S T E M  ---------------

OS:
 Windows 10 , 64 bit Build 19041 (10.0.19041.3636)
OS uptime: 2 days 17:57 hours

CPU: total 4 (initial active 4) (2 cores per cpu, 2 threads per core) family 6 model 142 stepping 9 microcode 0xb4, cx8, cmov, fxsr, ht, mmx, 3dnowpref, sse, sse2, sse3, ssse3, sse4.1, sse4.2, popcnt, lzcnt, tsc, tscinvbit, avx, avx2, aes, erms, clmul, bmi1, bmi2, adx, fma, vzeroupper, clflush, clflushopt
Processor Information for all 4 processors :
  Max Mhz: 2712, Current Mhz: 2511, Mhz Limit: 2495

Memory: 4k page, system-wide physical 8066M (1051M free)
TotalPageFile size 9090M (AvailPageFile size 5M)
current process WorkingSet (physical memory assigned to process): 40M, peak: 40M
current process commit charge ("private bytes"): 201M, peak: 202M

vm_info: OpenJDK 64-Bit Server VM (17.0.10+1-b1087.17) for windows-amd64 JRE (17.0.10+1-b1087.17), built on 2024-01-19 by "builduser" with MS VC++ 16.10 / 16.11 (VS2019)

END.
